[2024-02-28 15:16:12] PBO user Connection closed
[2024-02-28 15:16:14] sqli Connection established
[2024-02-28 15:16:14] PDO data Connection established
[2024-02-28 15:16:14] PDO data Connection closed
[2024-02-28 15:16:14] sqli Connection closed
[2024-02-28 15:16:14] PBO user Connection closed
[2024-02-28 15:16:16] sqli Connection established
[2024-02-28 15:16:16] user Connection closed
[2024-02-28 15:16:16] sqli Connection closed
[2024-02-28 15:16:16] PDO data Connection failed: SQLSTATE[HY000] [1040] Too many connections
[2024-02-28 15:16:16] PDO data Connection closed
[2024-02-28 15:16:16] sqli Connection closed
[2024-02-28 15:16:16] PBO user Connection closed
[2024-02-28 15:16:20] sqli Connection established
[2024-02-28 15:16:20] PDO data Connection established
[2024-02-28 15:16:21] PDO data Connection closed
[2024-02-28 15:16:25] sqli Connection closed
[2024-02-28 15:16:25] PBO user Connection closed
[2024-02-28 15:20:56] sqli Connection established
[2024-02-28 15:20:56] PDO data Connection established
[2024-02-28 15:20:58] PDO data Connection closed
[2024-02-28 15:21:01] sqli Connection closed
[2024-02-28 15:21:07] sqli Connection established
[2024-02-28 15:21:07] PDO data Connection established
[2024-02-28 15:21:07] PDO data Connection closed
[2024-02-28 15:21:11] sqli Connection closed
[2024-02-28 15:21:11] PBO user Connection closed
[2024-02-28 15:21:38] sqli Connection established
[2024-02-28 15:21:39] PDO data Connection established
[2024-02-28 15:21:39] PDO data Connection closed
[2024-02-28 15:21:41] sqli Connection closed
[2024-02-28 15:21:41] PBO user Connection closed
[2024-02-28 15:23:12] sqli Connection established
[2024-02-28 15:23:37] sqli Connection established
[2024-02-28 15:23:58] sqli Connection established
[2024-02-28 15:24:01] sqli Connection established
[2024-02-28 15:28:22] sqli Connection established not Beta
[2024-02-28 15:29:31] sqli Connection established not Beta
[2024-02-28 16:23:07] sqli Connection established
[2024-02-28 16:23:07] PDO data Connection established
[2024-02-28 16:23:20] PDO data Connection closed
[2024-02-28 16:23:22] sqli Connection closed
[2024-02-28 16:23:22] PDO user Connection established
[2024-02-28 16:37:27] sqli Connection established not Beta
[2024-02-28 17:35:22] sqli Connection established not Beta
[2024-02-28 17:35:46] sqli Connection established not Beta
[2024-02-28 17:35:52] sqli Connection established not Beta
[2024-02-28 17:35:55] sqli Connection established not Beta
[2024-02-28 17:36:12] sqli Connection established not Beta
[2024-02-28 17:36:21] sqli Connection established not Beta
[2024-02-28 17:36:32] sqli Connection established not Beta
[2024-02-28 17:36:35] sqli Connection established not Beta
[2024-02-28 17:36:35] sqli Connection established not Beta
[2024-02-28 17:36:38] sqli Connection established not Beta
[2024-02-28 17:36:39] sqli Connection established not Beta
[2024-02-28 17:36:46] sqli Connection established not Beta
[2024-02-28 17:36:54] sqli Connection established not Beta
[2024-02-28 17:36:59] sqli Connection established not Beta
[2024-02-28 17:36:59] sqli Connection established not Beta
[2024-02-28 17:37:01] sqli Connection established not Beta
[2024-02-28 17:37:03] sqli Connection established not Beta
[2024-02-28 17:37:59] sqli Connection established not Beta
[2024-02-28 17:38:05] sqli Connection established not Beta
[2024-02-28 17:38:10] sqli Connection established not Beta
[2024-02-28 17:38:14] sqli Connection established not Beta
[2024-02-28 17:38:24] sqli Connection established not Beta
[2024-02-28 17:38:44] sqli Connection established not Beta
[2024-02-28 17:42:02] sqli Connection established
[2024-02-28 17:42:02] PDO data Connection established
[2024-02-28 17:42:15] PDO data Connection closed
[2024-02-28 17:42:15] sqli Connection closed
[2024-02-28 17:42:15] PDO user Connection established
[2024-02-28 18:05:21] sqli Connection established not Beta
[2024-02-28 18:08:24] sqli Connection established not Beta
[2024-02-28 18:08:50] sqli Connection established not Beta
[2024-02-28 18:09:11] sqli Connection established not Beta
[2024-02-28 18:28:25] sqli Connection established not Beta
[2024-02-28 18:28:32] sqli Connection established not Beta
[2024-02-28 19:05:25] sqli Connection established not Beta
[2024-02-28 19:28:35] sqli Connection established not Beta
[2024-02-28 19:28:44] sqli Connection established
[2024-02-28 19:28:44] PDO data Connection established
[2024-02-28 19:28:45] PDO data Connection closed
[2024-02-28 19:28:49] sqli Connection closed
[2024-02-28 19:29:57] sqli Connection established not Beta
[2024-02-28 19:29:57] sqli Connection established not Beta
[2024-02-28 20:11:25] sqli Connection established
[2024-02-28 20:11:25] PDO data Connection established
[2024-02-28 20:11:25] PDO data Connection closed
[2024-02-28 20:11:25] sqli Connection closed
[2024-02-28 20:11:25] PDO user Connection established
[2024-02-28 20:11:31] sqli Connection established not Beta
[2024-02-28 20:11:33] sqli Connection established not Beta
[2024-02-28 20:11:36] sqli Connection established not Beta
[2024-02-28 20:11:47] sqli Connection established not Beta
[2024-02-28 20:11:47] sqli Connection established not Beta
[2024-02-28 20:16:39] sqli Connection established not Beta
[2024-02-28 20:16:42] sqli Connection established not Beta
[2024-02-28 20:16:43] sqli Connection established not Beta
[2024-02-28 20:16:46] sqli Connection established not Beta
[2024-02-28 20:16:47] sqli Connection established not Beta
[2024-02-28 20:16:48] sqli Connection established not Beta
[2024-02-28 20:16:48] sqli Connection established not Beta
[2024-02-28 20:16:49] sqli Connection established not Beta
[2024-02-28 20:16:49] sqli Connection established not Beta
[2024-02-28 20:16:52] sqli Connection established not Beta
[2024-02-28 20:19:05] PDO data Connection established
[2024-02-28 20:19:05] PDO data Connection closed
[2024-02-28 20:19:06] user Connection closed
[2024-02-28 20:19:07] user Connection closed
[2024-02-28 20:19:08] user Connection closed
[2024-02-28 20:22:59] PDO data Connection established
[2024-02-28 20:22:59] PDO data Connection closed
[2024-02-28 20:25:14] PDO data Connection established
[2024-02-28 20:25:14] PDO data Connection closed
[2024-02-28 20:27:17] PDO data Connection established
[2024-02-28 20:27:17] PDO data Connection closed
[2024-02-28 20:27:18] PDO data Connection established
[2024-02-28 20:27:18] PDO data Connection closed
[2024-02-28 20:27:29] PDO data Connection established
[2024-02-28 20:27:29] PDO data Connection closed
[2024-02-28 20:27:30] PDO data Connection established
[2024-02-28 20:27:30] PDO data Connection closed
[2024-02-28 20:27:31] PDO data Connection established
[2024-02-28 20:27:31] PDO data Connection closed
[2024-02-28 20:27:32] PDO data Connection established
[2024-02-28 20:27:32] PDO data Connection closed
[2024-02-28 20:27:45] PDO data Connection established
[2024-02-28 20:27:45] PDO data Connection closed
[2024-02-28 20:27:46] PDO data Connection established
[2024-02-28 20:27:46] PDO data Connection closed
[2024-02-28 20:27:48] PDO data Connection established
[2024-02-28 20:27:48] PDO data Connection closed
[2024-02-28 20:28:10] PDO data Connection established
[2024-02-28 20:28:10] PDO data Connection closed
[2024-02-28 20:28:12] PDO data Connection established
[2024-02-28 20:28:12] PDO data Connection closed
[2024-02-28 20:28:13] PDO data Connection established
[2024-02-28 20:28:13] PDO data Connection closed
[2024-02-28 20:28:18] sqli Connection established not Beta
[2024-02-28 20:29:22] sqli Connection established
[2024-02-28 20:29:22] PDO data Connection established
[2024-02-28 20:29:22] PDO data Connection closed
[2024-02-28 20:29:22] sqli Connection closed
[2024-02-28 20:29:26] sqli Connection established
[2024-02-28 20:29:26] PDO data Connection established
[2024-02-28 20:29:26] PDO data Connection closed
[2024-02-28 20:29:26] sqli Connection closed
[2024-02-28 20:29:27] sqli Connection established
[2024-02-28 20:29:27] PDO data Connection established
[2024-02-28 20:29:27] PDO data Connection closed
[2024-02-28 20:29:27] sqli Connection closed
[2024-02-28 20:29:29] sqli Connection established
[2024-02-28 20:29:30] PDO data Connection established
[2024-02-28 20:29:30] PDO data Connection closed
[2024-02-28 20:29:30] sqli Connection closed
[2024-02-28 20:29:31] sqli Connection established
[2024-02-28 20:29:31] PDO data Connection established
[2024-02-28 20:29:31] PDO data Connection closed
[2024-02-28 20:29:31] sqli Connection closed
[2024-02-28 20:29:34] sqli Connection established
[2024-02-28 20:29:34] PDO data Connection established
[2024-02-28 20:29:34] PDO data Connection closed
[2024-02-28 20:29:34] sqli Connection closed
[2024-02-28 20:29:41] sqli Connection established not Beta
[2024-02-28 20:29:48] sqli Connection established
[2024-02-28 20:29:48] PDO data Connection established
[2024-02-28 20:29:48] PDO data Connection closed
[2024-02-28 20:29:48] sqli Connection closed
[2024-02-28 20:29:50] sqli Connection established not Beta
[2024-02-28 20:29:52] sqli Connection established not Beta
[2024-02-28 20:29:55] sqli Connection established not Beta
[2024-02-28 20:30:00] sqli Connection established
[2024-02-28 20:30:00] PDO data Connection established
[2024-02-28 20:30:00] PDO data Connection closed
[2024-02-28 20:30:00] sqli Connection closed
[2024-02-28 20:33:38] sqli Connection established
[2024-02-28 20:33:38] PDO data Connection established
[2024-02-28 20:33:43] PDO data Connection closed
[2024-02-28 20:33:45] sqli Connection closed
[2024-02-28 20:33:45] PDO user Connection established
[2024-02-28 20:34:08] sqli Connection established not Beta
[2024-02-28 20:34:20] sqli Connection established not Beta
[2024-02-28 20:35:39] sqli Connection established
[2024-02-28 20:35:39] PDO data Connection established
[2024-02-28 20:35:43] PDO data Connection closed
[2024-02-28 20:35:45] sqli Connection closed
[2024-02-28 20:35:47] sqli Connection established
[2024-02-28 20:35:47] PDO data Connection established
[2024-02-28 20:35:50] PDO data Connection closed
[2024-02-28 20:35:50] sqli Connection closed
[2024-02-28 20:36:56] sqli Connection established
[2024-02-28 20:36:56] PDO data Connection established
[2024-02-28 20:36:57] PDO data Connection closed
[2024-02-28 20:36:57] sqli Connection closed
[2024-02-28 20:37:05] sqli Connection established
[2024-02-28 20:37:05] PDO data Connection established
[2024-02-28 20:37:12] PDO data Connection closed
[2024-02-28 20:37:13] sqli Connection closed
[2024-02-28 20:37:16] sqli Connection established
[2024-02-28 20:37:16] PDO data Connection established
[2024-02-28 20:37:18] PDO data Connection closed
[2024-02-28 20:37:20] sqli Connection closed
[2024-02-28 20:39:38] sqli Connection established
[2024-02-28 20:39:38] PDO data Connection established
[2024-02-28 20:39:38] PDO data Connection closed
[2024-02-28 20:39:41] sqli Connection closed
[2024-02-28 20:41:24] sqli Connection established
[2024-02-28 20:41:24] PDO data Connection established
[2024-02-28 20:41:34] PDO data Connection closed
[2024-02-28 20:41:35] sqli Connection closed
[2024-02-28 20:42:07] user Connection closed
[2024-02-28 20:42:33] PDO data Connection established
[2024-02-28 20:42:37] PDO data Connection established
[2024-02-28 20:42:37] PDO data Connection closed
[2024-02-28 20:42:39] PDO data Connection established
[2024-02-28 20:42:39] PDO data Connection closed
[2024-02-28 20:42:41] PDO data Connection established
[2024-02-28 20:42:41] PDO data Connection closed
[2024-02-28 20:43:30] sqli Connection established
[2024-02-28 20:43:30] PDO data Connection established
[2024-02-28 20:43:30] PDO data Connection closed
[2024-02-28 20:43:30] sqli Connection closed
[2024-02-28 20:43:33] sqli Connection established
[2024-02-28 20:43:34] PDO data Connection established
[2024-02-28 20:43:34] PDO data Connection closed
[2024-02-28 20:43:36] sqli Connection closed
[2024-02-28 20:44:51] sqli Connection established
[2024-02-28 20:44:51] user Connection closed
[2024-02-28 20:44:51] sqli Connection closed
[2024-02-28 20:44:51] PDO data Connection failed: SQLSTATE[HY000] [1040] Too many connections
[2024-02-28 20:44:58] sqli Connection established
[2024-02-28 20:44:58] PDO data Connection established
[2024-02-28 20:44:58] PDO data Connection closed
[2024-02-28 20:45:08] sqli Connection closed
[2024-02-28 20:45:37] sqli Connection established
[2024-02-28 20:45:37] PDO data Connection established
[2024-02-28 20:45:40] sqli Connection established
[2024-02-28 20:45:40] user Connection closed
[2024-02-28 20:45:40] sqli Connection closed
[2024-02-28 20:45:40] PDO data Connection failed: SQLSTATE[HY000] [1040] Too many connections
[2024-02-28 20:45:43] sqli Connection established
[2024-02-28 20:45:43] user Connection closed
[2024-02-28 20:45:43] sqli Connection closed
[2024-02-28 20:45:43] PDO data Connection failed: SQLSTATE[HY000] [1040] Too many connections
[2024-02-28 20:45:46] sqli Connection established
[2024-02-28 20:45:46] user Connection closed
[2024-02-28 20:45:46] sqli Connection closed
[2024-02-28 20:45:46] PDO data Connection failed: SQLSTATE[HY000] [1040] Too many connections
[2024-02-28 20:45:48] sqli Connection established
[2024-02-28 20:45:48] user Connection closed
[2024-02-28 20:45:48] sqli Connection closed
[2024-02-28 20:45:48] PDO data Connection failed: SQLSTATE[HY000] [1040] Too many connections
[2024-02-28 20:46:13] sqli Connection established not Beta
[2024-02-28 20:46:28] sqli Connection established not Beta
[2024-02-28 20:46:39] sqli Connection established
[2024-02-28 20:46:39] PDO data Connection established
[2024-02-28 20:47:19] sqli Connection established
[2024-02-28 20:47:19] PDO data Connection established
[2024-02-28 20:47:25] PDO data Connection closed
[2024-02-28 20:47:25] sqli Connection closed
[2024-02-28 20:47:40] sqli Connection established
[2024-02-28 20:47:40] PDO data Connection established
[2024-02-28 20:47:41] PDO data Connection closed
[2024-02-28 20:47:42] sqli Connection closed
[2024-02-28 20:48:47] sqli Connection established
[2024-02-28 20:48:47] PDO data Connection established
[2024-02-28 20:48:55] PDO data Connection closed
[2024-02-28 20:49:00] sqli Connection closed
[2024-02-28 20:53:55] sqli Connection established
[2024-02-28 20:53:55] PDO data Connection established
[2024-02-28 20:53:57] PDO data Connection closed
[2024-02-28 20:54:00] sqli Connection closed
[2024-02-28 20:54:03] sqli Connection established
[2024-02-28 20:54:03] PDO data Connection established
[2024-02-28 20:54:16] PDO data Connection closed
[2024-02-28 20:54:22] sqli Connection closed
[2024-02-28 20:54:22] sqli Connection established
[2024-02-28 20:54:22] PDO data Connection established
[2024-02-28 20:54:28] PDO data Connection closed
[2024-02-28 20:54:32] sqli Connection closed
[2024-02-28 20:54:37] sqli Connection established
[2024-02-28 20:54:37] PDO data Connection established
[2024-02-28 20:54:43] PDO data Connection closed
[2024-02-28 20:54:43] sqli Connection closed
[2024-02-28 20:58:50] sqli Connection established
[2024-02-28 20:58:50] PDO data Connection established
[2024-02-28 20:59:02] PDO data Connection closed
[2024-02-28 20:59:08] sqli Connection closed
[2024-02-28 21:05:35] sqli Connection established
[2024-02-28 21:05:35] PDO data Connection established
[2024-02-28 21:06:44] sqli Connection established
[2024-02-28 21:06:44] PDO data Connection established
[2024-02-28 21:07:07] PDO data Connection closed
[2024-02-28 21:07:07] sqli Connection closed
[2024-02-28 21:07:07] sqli Connection established not Beta
[2024-02-28 22:00:22] sqli Connection established not Beta
[2024-02-28 23:24:17] sqli Connection established not Beta
[2024-02-28 23:24:19] sqli Connection established not Beta
[2024-02-28 23:24:23] sqli Connection established not Beta
[2024-02-28 23:24:49] sqli Connection established not Beta
[2024-02-28 23:24:59] sqli Connection established not Beta
[2024-02-28 23:25:06] sqli Connection established not Beta
[2024-02-28 23:25:12] sqli Connection established not Beta
[2024-02-28 23:26:07] sqli Connection established not Beta
[2024-02-28 23:26:20] sqli Connection established not Beta
[2024-02-28 23:26:22] sqli Connection established not Beta
[2024-02-28 23:27:15] sqli Connection established not Beta
[2024-02-28 23:27:30] sqli Connection established not Beta
[2024-02-28 23:27:37] sqli Connection established not Beta
[2024-02-28 23:27:41] sqli Connection established not Beta
[2024-02-28 23:28:13] sqli Connection established not Beta
[2024-02-28 23:28:32] sqli Connection established not Beta
[2024-02-28 23:28:49] sqli Connection established not Beta
[2024-02-28 23:29:06] sqli Connection established not Beta
[2024-02-28 23:29:30] sqli Connection established not Beta
[2024-02-28 23:32:37] sqli Connection established not Beta
[2024-02-28 23:32:42] sqli Connection established not Beta
[2024-02-28 23:32:55] sqli Connection established not Beta
[2024-02-28 23:33:03] sqli Connection established not Beta
[2024-02-28 23:33:13] sqli Connection established not Beta
[2024-02-28 23:35:02] sqli Connection established not Beta
[2024-02-28 23:37:20] sqli Connection established not Beta
[2024-02-28 23:37:35] sqli Connection established not Beta
[2024-02-28 23:37:38] sqli Connection established not Beta
[2024-02-28 23:38:05] sqli Connection established not Beta
[2024-02-28 23:38:23] sqli Connection established not Beta
[2024-02-28 23:38:35] sqli Connection established not Beta
[2024-02-28 23:38:52] sqli Connection established not Beta
[2024-02-28 23:39:05] sqli Connection established not Beta
[2024-02-28 23:39:24] sqli Connection established not Beta
[2024-02-28 23:39:35] sqli Connection established not Beta
[2024-02-28 23:39:50] sqli Connection established not Beta
[2024-02-28 23:40:14] sqli Connection established not Beta
[2024-02-28 23:40:25] sqli Connection established not Beta
[2024-02-28 23:40:33] sqli Connection established not Beta
[2024-02-28 23:40:39] sqli Connection established not Beta
[2024-02-28 23:40:49] sqli Connection established not Beta
[2024-02-28 23:41:00] sqli Connection established not Beta
[2024-02-28 23:41:08] sqli Connection established not Beta
[2024-02-28 23:41:09] sqli Connection established not Beta
[2024-02-28 23:41:14] sqli Connection established not Beta
[2024-02-28 23:50:06] sqli Connection established not Beta
[2024-02-28 23:50:21] sqli Connection established not Beta
[2024-02-28 23:50:25] sqli Connection established not Beta
[2024-02-28 23:51:11] sqli Connection established not Beta
[2024-02-29 00:36:36] sqli Connection established not Beta
[2024-02-29 00:46:45] sqli Connection established not Beta
[2024-02-29 00:46:50] sqli Connection established not Beta
[2024-02-29 00:46:53] sqli Connection established not Beta
[2024-02-29 00:47:02] sqli Connection established not Beta
[2024-02-29 00:47:12] sqli Connection established not Beta
[2024-02-29 00:47:37] sqli Connection established not Beta
[2024-02-29 00:47:46] sqli Connection established not Beta
[2024-02-29 00:47:53] sqli Connection established not Beta
[2024-02-29 00:48:02] sqli Connection established not Beta
[2024-02-29 00:48:10] sqli Connection established not Beta
[2024-02-29 00:48:25] sqli Connection established not Beta
[2024-02-29 00:48:40] sqli Connection established not Beta
[2024-02-29 00:49:05] sqli Connection established not Beta
[2024-02-29 00:49:20] sqli Connection established not Beta
[2024-02-29 00:49:32] sqli Connection established not Beta
[2024-02-29 00:49:47] sqli Connection established not Beta
[2024-02-29 00:49:57] sqli Connection established not Beta
[2024-02-29 00:50:40] sqli Connection established not Beta
[2024-02-29 00:50:58] sqli Connection established not Beta
[2024-02-29 00:51:21] sqli Connection established not Beta
[2024-02-29 00:51:44] sqli Connection established not Beta
[2024-02-29 00:52:14] sqli Connection established not Beta
[2024-02-29 00:52:23] sqli Connection established not Beta
[2024-02-29 00:52:30] sqli Connection established not Beta
[2024-02-29 00:52:44] sqli Connection established not Beta
[2024-02-29 00:52:59] sqli Connection established not Beta
[2024-02-29 00:53:12] sqli Connection established not Beta
[2024-02-29 00:53:35] sqli Connection established not Beta
[2024-02-29 00:54:09] sqli Connection established not Beta
[2024-02-29 01:00:43] sqli Connection established not Beta
[2024-02-29 01:01:00] sqli Connection established not Beta
[2024-02-29 01:01:32] sqli Connection established not Beta
[2024-02-29 01:01:48] sqli Connection established not Beta
[2024-02-29 01:02:05] sqli Connection established not Beta
[2024-02-29 01:02:23] sqli Connection established not Beta
[2024-02-29 01:03:17] sqli Connection established not Beta
[2024-02-29 01:03:47] sqli Connection established not Beta
[2024-02-29 01:04:12] sqli Connection established not Beta
[2024-02-29 01:05:39] sqli Connection established not Beta
[2024-02-29 01:05:50] sqli Connection established not Beta
[2024-02-29 01:06:14] sqli Connection established not Beta
[2024-02-29 01:06:44] sqli Connection established not Beta
[2024-02-29 01:07:09] sqli Connection established not Beta
[2024-02-29 01:07:23] sqli Connection established not Beta
[2024-02-29 01:07:43] sqli Connection established not Beta
[2024-02-29 01:08:16] sqli Connection established not Beta
[2024-02-29 01:09:22] sqli Connection established not Beta
[2024-02-29 01:10:53] sqli Connection established not Beta
[2024-02-29 01:11:17] sqli Connection established not Beta
[2024-02-29 01:11:47] sqli Connection established not Beta
[2024-02-29 01:12:01] sqli Connection established not Beta
[2024-02-29 01:14:26] sqli Connection established not Beta
[2024-02-29 01:14:38] sqli Connection established not Beta
[2024-02-29 01:14:45] sqli Connection established not Beta
[2024-02-29 01:14:56] sqli Connection established not Beta
[2024-02-29 01:15:04] sqli Connection established not Beta
[2024-02-29 01:15:15] sqli Connection established not Beta
[2024-02-29 01:23:28] sqli Connection established not Beta
[2024-02-29 03:05:27] sqli Connection established not Beta
[2024-02-29 03:24:01] sqli Connection established not Beta
[2024-02-29 03:37:21] sqli Connection established not Beta
[2024-02-29 03:37:22] sqli Connection established not Beta
[2024-02-29 03:37:22] sqli Connection established not Beta
[2024-02-29 05:32:55] sqli Connection established
[2024-02-29 05:32:55] PDO data Connection established
[2024-02-29 05:32:58] PDO data Connection closed
[2024-02-29 05:33:02] sqli Connection closed
[2024-02-29 05:33:04] sqli Connection established
[2024-02-29 05:33:04] PDO data Connection established
[2024-02-29 05:33:20] PDO data Connection closed
[2024-02-29 05:33:23] sqli Connection closed
[2024-02-29 05:38:04] sqli Connection established not Beta
[2024-02-29 05:38:26] sqli Connection established not Beta
[2024-02-29 05:51:00] sqli Connection established not Beta
[2024-02-29 05:53:46] sqli Connection established not Beta
[2024-02-29 05:53:49] sqli Connection established not Beta
[2024-02-29 05:53:52] sqli Connection established not Beta
[2024-02-29 05:53:55] sqli Connection established not Beta
[2024-02-29 05:54:19] sqli Connection established not Beta
[2024-02-29 05:54:41] sqli Connection established not Beta
[2024-02-29 05:54:58] sqli Connection established not Beta
[2024-02-29 05:55:16] sqli Connection established not Beta
[2024-02-29 05:55:25] sqli Connection established not Beta
[2024-02-29 05:55:38] sqli Connection established not Beta
[2024-02-29 05:56:13] sqli Connection established not Beta
[2024-02-29 05:57:35] sqli Connection established not Beta
[2024-02-29 06:41:20] sqli Connection established
[2024-02-29 06:41:20] PDO data Connection established
[2024-02-29 06:41:31] PDO data Connection closed
[2024-02-29 06:41:33] sqli Connection closed
[2024-02-29 10:26:16] sqli Connection established
[2024-02-29 10:26:16] PDO data Connection established
[2024-02-29 10:26:32] PDO data Connection closed
[2024-02-29 10:26:38] sqli Connection closed
[2024-02-29 10:26:38] sqli Connection established
[2024-02-29 10:26:38] PDO data Connection established
[2024-02-29 10:26:49] PDO data Connection closed
[2024-02-29 10:26:52] sqli Connection closed
[2024-02-29 15:21:39] sqli Connection established
[2024-02-29 15:21:39] PDO data Connection established
[2024-02-29 15:21:41] sqli Connection established
[2024-02-29 15:21:41] PDO data Connection established
[2024-02-29 15:25:44] sqli Connection established
[2024-02-29 15:25:44] PDO data Connection established
[2024-02-29 15:25:47] PDO data Connection closed
[2024-02-29 15:25:49] sqli Connection closed
[2024-02-29 15:33:12] PBO user Connection closed
[2024-02-29 15:33:24] sqli Connection established
[2024-02-29 15:33:24] PDO data Connection established
[2024-02-29 15:33:25] PDO data Connection closed
[2024-02-29 15:33:29] sqli Connection closed
[2024-02-29 15:33:35] sqli Connection established
[2024-02-29 15:33:35] PDO data Connection established
[2024-02-29 15:33:35] PDO data Connection closed
[2024-02-29 15:33:35] sqli Connection closed
[2024-02-29 15:33:43] sqli Connection established
[2024-02-29 15:33:43] PDO data Connection established
[2024-02-29 15:33:43] PDO data Connection closed
[2024-02-29 15:33:45] sqli Connection closed
[2024-02-29 15:35:29] sqli Connection established
[2024-02-29 15:35:29] PDO data Connection established
[2024-02-29 15:35:29] PDO data Connection closed
[2024-02-29 15:35:31] sqli Connection closed
[2024-02-29 15:35:34] sqli Connection established
[2024-02-29 15:35:34] PDO data Connection established
[2024-02-29 15:35:39] PDO data Connection closed
[2024-02-29 15:35:41] sqli Connection closed
[2024-02-29 15:35:45] sqli Connection established
[2024-02-29 15:35:45] user Connection closed
[2024-02-29 15:35:45] sqli Connection closed
[2024-02-29 15:35:45] PDO data Connection failed: SQLSTATE[HY000] [1040] Too many connections
[2024-02-29 15:35:51] sqli Connection established
[2024-02-29 15:35:51] PDO data Connection established
[2024-02-29 15:35:57] PDO data Connection closed
[2024-02-29 15:36:01] sqli Connection closed
[2024-02-29 15:36:06] sqli Connection established
[2024-02-29 15:36:06] user Connection closed
[2024-02-29 15:36:06] sqli Connection closed
[2024-02-29 15:36:06] PDO data Connection failed: SQLSTATE[HY000] [1040] Too many connections
[2024-02-29 15:36:59] sqli Connection established
[2024-02-29 15:36:59] PDO data Connection established
[2024-02-29 15:37:04] PDO data Connection closed
[2024-02-29 15:37:06] sqli Connection closed
[2024-02-29 16:06:44] sqli Connection established
[2024-02-29 16:06:44] PDO data Connection established
[2024-02-29 16:06:53] PDO data Connection closed
[2024-02-29 16:06:55] sqli Connection closed
[2024-02-29 16:06:55] sqli Connection established
[2024-02-29 16:06:55] PDO data Connection established
[2024-03-01 07:32:33] sqli Connection established
[2024-03-01 07:32:33] PDO data Connection established
[2024-03-01 07:32:55] PDO data Connection closed
[2024-03-01 07:33:00] sqli Connection closed
[2024-03-01 07:33:34] sqli Connection established
[2024-03-01 07:33:35] PDO data Connection established
[2024-03-01 07:33:43] PDO data Connection closed
[2024-03-01 07:33:47] sqli Connection closed
[2024-03-01 07:49:44] sqli Connection established
[2024-03-01 07:49:44] PDO data Connection established
[2024-03-01 07:49:45] PDO data Connection closed
[2024-03-01 07:49:45] sqli Connection closed
[2024-03-01 08:34:36] sqli Connection established
[2024-03-01 08:34:36] PDO data Connection established
[2024-03-01 08:34:46] PDO data Connection closed
[2024-03-01 08:34:50] sqli Connection closed
[2024-03-01 08:34:55] sqli Connection established
[2024-03-01 08:34:55] PDO data Connection established
[2024-03-01 08:35:12] PDO data Connection closed
[2024-03-01 08:35:15] sqli Connection closed
[2024-03-01 08:35:21] sqli Connection established
[2024-03-01 08:35:21] PDO data Connection established
[2024-03-01 08:35:32] PDO data Connection closed
[2024-03-01 08:35:36] sqli Connection closed
[2024-03-01 08:37:15] sqli Connection established
[2024-03-01 08:37:15] PDO data Connection established
[2024-03-01 08:37:22] PDO data Connection closed
[2024-03-01 08:37:24] sqli Connection closed
[2024-03-01 08:43:43] sqli Connection established
[2024-03-01 08:43:43] PDO data Connection established
[2024-03-01 08:44:08] PDO data Connection closed
[2024-03-01 08:44:16] sqli Connection closed
[2024-03-01 08:44:38] sqli Connection established
[2024-03-01 08:44:38] user Connection closed
[2024-03-01 08:44:38] sqli Connection closed
[2024-03-01 08:44:38] PDO data Connection failed: SQLSTATE[HY000] [1040] Too many connections
[2024-03-01 08:44:41] sqli Connection established
[2024-03-01 08:44:41] PDO data Connection established
[2024-03-01 08:45:04] PDO data Connection closed
[2024-03-01 08:45:12] sqli Connection closed
[2024-03-01 08:50:55] sqli Connection established
[2024-03-01 08:50:55] PDO data Connection established
[2024-03-01 08:51:11] PDO data Connection closed
[2024-03-01 08:51:23] sqli Connection closed
[2024-03-01 08:51:31] sqli Connection established
[2024-03-01 08:51:31] PDO data Connection established
[2024-03-01 08:51:53] PDO data Connection closed
[2024-03-01 08:51:58] sqli Connection closed
[2024-03-01 08:52:57] sqli Connection established
[2024-03-01 08:52:57] PDO data Connection established
[2024-03-01 08:53:09] sqli Connection established
[2024-03-01 08:53:09] PDO data Connection established
[2024-03-01 08:53:19] PDO data Connection closed
[2024-03-01 08:53:22] sqli Connection closed
[2024-03-04 08:33:37] sqli Connection established
[2024-03-04 08:33:37] PDO data Connection established
[2024-03-04 08:33:42] sqli Connection established
[2024-03-04 08:33:42] PDO data Connection established
[2024-03-04 08:34:56] sqli Connection established
[2024-03-04 08:34:56] PDO data Connection established
[2024-03-04 08:35:55] sqli Connection established
[2024-03-04 08:35:55] PDO data Connection established
[2024-03-04 08:35:57] sqli Connection established
[2024-03-04 08:35:57] PDO data Connection established
[2024-03-04 16:50:35] sqli Connection established
[2024-03-04 16:50:35] PDO data Connection established
[2024-03-04 16:53:55] sqli Connection established
[2024-03-04 16:53:55] PDO data Connection established
[2024-03-04 16:56:23] sqli Connection established
[2024-03-04 16:56:23] PDO data Connection established
[2024-03-04 16:56:49] sqli Connection established
[2024-03-04 16:56:49] PDO data Connection established
[2024-03-04 16:56:57] sqli Connection established
[2024-03-04 16:56:57] PDO data Connection established
[2024-03-04 16:57:10] sqli Connection established
[2024-03-04 16:57:10] PDO data Connection established
[2024-03-04 16:57:33] sqli Connection established
[2024-03-04 16:57:33] PDO data Connection established
[2024-03-04 16:57:48] sqli Connection established
[2024-03-04 16:57:48] PDO data Connection established
[2024-03-04 16:58:03] sqli Connection established
[2024-03-04 16:58:03] PDO data Connection established
[2024-03-04 16:58:07] sqli Connection established
[2024-03-04 16:58:07] PDO data Connection established
[2024-03-04 16:58:08] sqli Connection established
[2024-03-04 16:58:08] PDO data Connection established
[2024-03-04 16:58:10] sqli Connection established
[2024-03-04 16:58:10] PDO data Connection established
[2024-03-04 16:58:13] sqli Connection established
[2024-03-04 16:58:13] PDO data Connection established
[2024-03-04 16:58:18] sqli Connection established
[2024-03-04 16:58:18] PDO data Connection established
[2024-03-04 16:58:19] sqli Connection established
[2024-03-04 16:58:19] PDO data Connection established
[2024-03-04 16:58:20] sqli Connection established
[2024-03-04 16:58:20] PDO data Connection established
[2024-03-04 16:58:22] sqli Connection established
[2024-03-04 16:58:22] PDO data Connection established
[2024-03-04 16:58:24] sqli Connection established
[2024-03-04 16:58:24] PDO data Connection established
[2024-03-04 16:58:25] sqli Connection established
[2024-03-04 16:58:25] PDO data Connection established
[2024-03-04 16:58:26] sqli Connection established
[2024-03-04 16:58:26] PDO data Connection established
[2024-03-04 16:58:28] sqli Connection established
[2024-03-04 16:58:28] PDO data Connection established
[2024-03-04 16:58:49] sqli Connection established
[2024-03-04 16:58:49] PDO data Connection established
[2024-03-04 17:09:21] sqli Connection established
[2024-03-04 17:09:21] PDO data Connection established
[2024-03-04 17:09:26] sqli Connection established
[2024-03-04 17:09:26] PDO data Connection established
[2024-03-04 17:09:54] sqli Connection established
[2024-03-04 17:09:54] PDO data Connection established
[2024-03-04 17:09:57] sqli Connection established
[2024-03-04 17:09:57] PDO data Connection established
[2024-03-04 17:11:38] sqli Connection established
[2024-03-04 17:11:38] PDO data Connection established
[2024-03-04 17:12:57] sqli Connection established
[2024-03-04 17:12:57] PDO data Connection established
[2024-03-04 17:13:02] sqli Connection established
[2024-03-04 17:13:02] PDO data Connection established
[2024-03-04 17:14:01] sqli Connection established
[2024-03-04 17:14:01] PDO data Connection established
[2024-03-04 17:14:12] sqli Connection established
[2024-03-04 17:14:12] PDO data Connection established
[2024-03-04 17:21:31] sqli Connection established
[2024-03-04 17:21:31] PDO data Connection established
[2024-03-04 17:24:56] sqli Connection established
[2024-03-04 17:24:56] PDO data Connection established
[2024-03-04 17:27:45] sqli Connection established
[2024-03-04 17:27:45] PDO data Connection established
[2024-03-04 17:27:48] sqli Connection established
[2024-03-04 17:27:48] PDO data Connection established
[2024-03-04 17:27:52] sqli Connection established
[2024-03-04 17:27:52] PDO data Connection established
[2024-03-04 17:29:14] sqli Connection established
[2024-03-04 17:29:14] PDO data Connection established
[2024-03-04 18:45:49] sqli Connection established
[2024-03-04 18:45:49] PDO data Connection established
[2024-03-04 18:46:42] sqli Connection established
[2024-03-04 18:46:42] PDO data Connection established
[2024-03-04 18:48:32] sqli Connection established
[2024-03-04 18:48:32] PDO data Connection established
[2024-03-04 18:48:57] sqli Connection established
[2024-03-04 18:48:57] PDO data Connection established
[2024-03-04 18:49:02] sqli Connection established
[2024-03-04 18:49:02] PDO data Connection established
[2024-03-04 18:50:33] sqli Connection established
[2024-03-04 18:50:33] PDO data Connection established
[2024-03-04 18:50:45] PDO data Connection closed
[2024-03-04 18:50:45] sqli Connection closed
[2024-03-04 19:27:04] sqli Connection established
[2024-03-04 19:27:04] PDO data Connection established
[2024-03-04 19:27:13] PDO data Connection closed
[2024-03-04 19:27:24] sqli Connection closed
[2024-03-04 19:47:22] PDO data Connection established
[2024-03-04 19:47:26] PDO data Connection established
[2024-03-04 19:47:27] PDO data Connection established
[2024-03-04 19:48:26] user Connection closed
[2024-03-04 19:48:28] PDO data Connection established
[2024-03-04 19:52:29] PDO data Connection established
[2024-03-04 19:54:01] PDO data Connection established
[2024-03-04 19:55:11] PDO data Connection established
[2024-03-04 19:57:57] PDO data Connection established
[2024-03-04 20:01:25] PDO data Connection established
[2024-03-04 20:02:40] PDO data Connection established
[2024-03-04 20:06:36] PDO data Connection established
[2024-03-04 20:13:16] sqli Connection established
[2024-03-04 20:13:16] PDO data Connection established
[2024-03-04 20:13:27] PDO data Connection closed
[2024-03-04 20:13:27] sqli Connection closed
[2024-03-04 20:13:45] sqli Connection established
[2024-03-04 20:13:45] PDO data Connection established
[2024-03-04 20:13:48] PDO data Connection closed
[2024-03-04 20:13:48] sqli Connection closed
[2024-03-04 20:13:51] sqli Connection established
[2024-03-04 20:13:51] PDO data Connection established
[2024-03-04 20:13:53] PDO data Connection closed
[2024-03-04 20:13:53] sqli Connection closed
[2024-03-04 20:16:32] sqli Connection established
[2024-03-04 20:16:32] PDO data Connection established
[2024-03-04 20:17:06] PDO data Connection closed
[2024-03-04 20:17:06] sqli Connection closed
[2024-03-04 20:19:00] sqli Connection established
[2024-03-04 20:19:00] PDO data Connection established
[2024-03-04 20:19:28] PDO data Connection closed
[2024-03-04 20:19:28] sqli Connection closed
[2024-03-04 20:19:54] sqli Connection established
[2024-03-04 20:19:54] PDO data Connection established
[2024-03-04 20:20:32] PDO data Connection closed
[2024-03-04 20:20:32] sqli Connection closed
[2024-03-04 20:20:44] sqli Connection established
[2024-03-04 20:20:44] PDO data Connection established
[2024-03-04 20:21:00] PDO data Connection closed
[2024-03-04 20:21:00] sqli Connection closed
[2024-03-05 08:53:27] sqli Connection established
[2024-03-05 08:53:27] PDO data Connection established
[2024-03-05 08:53:47] PDO data Connection closed
[2024-03-05 08:53:47] sqli Connection closed
[2024-03-05 08:57:00] sqli Connection established
[2024-03-05 08:57:00] PDO data Connection established
[2024-03-05 08:57:01] PDO data Connection closed
[2024-03-05 08:57:01] sqli Connection closed
[2024-03-05 08:57:04] sqli Connection established
[2024-03-05 08:57:04] PDO data Connection established
[2024-03-05 08:57:06] PDO data Connection closed
[2024-03-05 08:57:06] sqli Connection closed
[2024-03-05 08:57:11] sqli Connection established
[2024-03-05 08:57:11] PDO data Connection established
[2024-03-05 08:57:12] PDO data Connection closed
[2024-03-05 08:57:12] sqli Connection closed
[2024-03-05 08:57:22] sqli Connection established
[2024-03-05 08:57:22] PDO data Connection established
[2024-03-05 08:57:23] PDO data Connection closed
[2024-03-05 08:57:23] sqli Connection closed
[2024-03-05 09:01:24] sqli Connection established
[2024-03-05 09:01:24] PDO data Connection established
[2024-03-05 09:01:30] PDO data Connection closed
[2024-03-05 09:01:30] sqli Connection closed
[2024-03-05 09:02:46] sqli Connection established
[2024-03-05 09:02:46] PDO data Connection established
[2024-03-05 09:02:53] PDO data Connection closed
[2024-03-05 09:02:53] sqli Connection closed
[2024-03-05 09:08:36] sqli Connection established
[2024-03-05 09:08:36] PDO data Connection established
[2024-03-05 09:08:47] PDO data Connection closed
[2024-03-05 09:08:47] sqli Connection closed
[2024-03-06 19:13:10] sqli Connection established
[2024-03-06 19:13:10] PDO data Connection established
[2024-03-06 19:13:56] sqli Connection established
[2024-03-06 19:13:56] PDO data Connection established
[2024-03-06 19:14:08] sqli Connection established
[2024-03-06 19:14:08] PDO data Connection established
[2024-03-06 19:58:18] sqli Connection established
[2024-03-06 19:58:18] PDO data Connection established
[2024-03-06 19:58:45] sqli Connection established
[2024-03-06 19:58:45] PDO data Connection established
[2024-03-06 19:58:55] sqli Connection established
[2024-03-06 19:58:55] PDO data Connection established
[2024-03-07 07:39:34] sqli Connection established
[2024-03-07 07:39:34] PDO data Connection established
[2024-03-07 07:39:40] sqli Connection established
[2024-03-07 07:39:40] PDO data Connection established
[2024-03-07 07:48:53] sqli Connection established
[2024-03-07 07:48:53] PDO data Connection established
[2024-03-07 07:49:03] sqli Connection established
[2024-03-07 07:49:03] PDO data Connection established
[2024-03-07 07:49:10] sqli Connection established
[2024-03-07 07:49:10] PDO data Connection established
[2024-03-07 10:41:48] sqli Connection established
[2024-03-07 10:41:48] PDO data Connection established
[2024-03-07 10:43:00] sqli Connection established
[2024-03-07 10:43:00] PDO data Connection established
[2024-03-07 10:43:08] sqli Connection established
[2024-03-07 10:43:08] PDO data Connection established
[2024-03-07 10:43:19] sqli Connection established
[2024-03-07 10:43:19] PDO data Connection established
[2024-03-07 10:43:22] sqli Connection established
[2024-03-07 10:43:22] PDO data Connection established
[2024-03-07 10:43:27] sqli Connection established
[2024-03-07 10:43:27] PDO data Connection established
[2024-03-07 12:12:33] sqli Connection established
[2024-03-07 12:12:33] PDO data Connection established
[2024-03-07 12:42:12] sqli Connection established
[2024-03-07 12:42:12] PDO data Connection established
[2024-03-07 12:42:25] sqli Connection established
[2024-03-07 12:42:25] PDO data Connection established
[2024-03-07 12:44:28] sqli Connection established
[2024-03-07 12:44:28] PDO data Connection established
[2024-03-07 12:46:13] sqli Connection established
[2024-03-07 12:46:13] PDO data Connection established
[2024-03-07 12:46:25] sqli Connection established
[2024-03-07 12:46:25] PDO data Connection established
[2024-03-07 13:35:36] sqli Connection established
[2024-03-07 13:35:36] PDO data Connection established
[2024-03-07 13:39:12] sqli Connection established
[2024-03-07 13:39:12] PDO data Connection established
[2024-03-07 13:39:20] sqli Connection established
[2024-03-07 13:39:20] PDO data Connection established
[2024-03-07 13:39:29] sqli Connection established
[2024-03-07 13:39:29] PDO data Connection established
[2024-03-07 13:54:33] sqli Connection established
[2024-03-07 13:54:33] PDO data Connection established
[2024-03-07 13:54:38] sqli Connection established
[2024-03-07 13:54:38] PDO data Connection established
[2024-03-07 13:57:03] sqli Connection established
[2024-03-07 13:57:03] PDO data Connection established
[2024-03-07 13:57:10] sqli Connection established
[2024-03-07 13:57:10] PDO data Connection established
[2024-03-07 14:53:09] sqli Connection established
[2024-03-07 14:53:09] PDO data Connection established
[2024-03-07 14:53:13] sqli Connection established
[2024-03-07 14:53:13] PDO data Connection established
[2024-03-07 14:53:20] sqli Connection established
[2024-03-07 14:53:20] PDO data Connection established
[2024-03-08 06:18:07] sqli Connection established
[2024-03-08 06:18:07] PDO data Connection established
[2024-03-08 06:18:14] sqli Connection established
[2024-03-08 06:18:14] PDO data Connection established
[2024-03-08 12:47:06] sqli Connection established
[2024-03-08 12:47:06] PDO data Connection established
[2024-03-08 12:56:36] sqli Connection established
[2024-03-08 12:56:36] PDO data Connection established
[2024-03-08 12:57:26] sqli Connection established
[2024-03-08 12:57:26] PDO data Connection established
[2024-03-08 13:05:21] sqli Connection established
[2024-03-08 13:05:21] PDO data Connection established
[2024-03-08 13:12:57] sqli Connection established
[2024-03-08 13:12:57] PDO data Connection established
[2024-03-08 13:12:59] sqli Connection established
[2024-03-08 13:12:59] PDO data Connection established
[2024-03-08 13:13:04] sqli Connection established
[2024-03-08 13:13:04] PDO data Connection established
[2024-03-08 13:14:02] sqli Connection established
[2024-03-08 13:14:02] PDO data Connection established
[2024-03-08 13:14:38] sqli Connection established
[2024-03-08 13:14:38] PDO data Connection established
[2024-03-08 13:14:44] sqli Connection established
[2024-03-08 13:14:44] PDO data Connection established
[2024-03-08 13:16:26] sqli Connection established
[2024-03-08 13:16:26] PDO data Connection established
[2024-03-08 13:17:10] sqli Connection established
[2024-03-08 13:17:10] PDO data Connection established
[2024-03-08 13:17:54] sqli Connection established
[2024-03-08 13:17:54] PDO data Connection established
[2024-03-08 13:19:06] sqli Connection established
[2024-03-08 13:19:06] PDO data Connection established
[2024-03-08 13:22:29] sqli Connection established
[2024-03-08 13:22:29] PDO data Connection established
[2024-03-08 13:43:37] sqli Connection established
[2024-03-08 13:43:37] PDO data Connection established
[2024-03-08 14:24:39] sqli Connection established
[2024-03-08 14:24:39] PDO data Connection established
[2024-03-08 14:24:44] sqli Connection established
[2024-03-08 14:24:44] PDO data Connection established
[2024-03-08 14:28:35] sqli Connection established
[2024-03-08 14:28:35] PDO data Connection established
[2024-03-08 14:28:39] sqli Connection established
[2024-03-08 14:28:39] PDO data Connection established
[2024-03-08 14:39:52] sqli Connection established
[2024-03-08 14:39:52] PDO data Connection established
[2024-03-08 14:42:49] sqli Connection established
[2024-03-08 14:42:49] PDO data Connection established
[2024-03-08 14:44:18] sqli Connection established
[2024-03-08 14:44:18] PDO data Connection established
[2024-03-08 20:04:06] sqli Connection established
[2024-03-08 20:04:06] PDO data Connection established
[2024-03-08 20:04:15] sqli Connection established
[2024-03-08 20:04:15] PDO data Connection established
[2024-03-08 20:04:29] sqli Connection established
[2024-03-08 20:04:29] PDO data Connection established
[2024-03-08 20:04:39] sqli Connection established
[2024-03-08 20:04:39] PDO data Connection established
[2024-03-08 20:04:45] sqli Connection established
[2024-03-08 20:04:45] PDO data Connection established
[2024-03-08 20:04:50] sqli Connection established
[2024-03-08 20:04:50] PDO data Connection established
[2024-03-08 20:04:55] sqli Connection established
[2024-03-08 20:04:55] PDO data Connection established
[2024-03-08 20:04:59] sqli Connection established
[2024-03-08 20:04:59] PDO data Connection established
[2024-03-08 20:05:02] sqli Connection established
[2024-03-08 20:05:02] PDO data Connection established
[2024-03-08 20:05:06] sqli Connection established
[2024-03-08 20:05:06] PDO data Connection established
[2024-03-08 20:05:10] sqli Connection established
[2024-03-08 20:05:10] PDO data Connection established
[2024-03-08 20:05:14] sqli Connection established
[2024-03-08 20:05:14] PDO data Connection established
[2024-03-08 20:05:27] sqli Connection established
[2024-03-08 20:05:27] PDO data Connection established
[2024-03-08 20:05:33] sqli Connection established
[2024-03-08 20:05:33] PDO data Connection established
[2024-03-08 20:05:40] sqli Connection established
[2024-03-08 20:05:40] PDO data Connection established
[2024-03-08 20:05:56] sqli Connection established
[2024-03-08 20:05:56] PDO data Connection established
[2024-03-08 20:06:11] sqli Connection established
[2024-03-08 20:06:11] PDO data Connection established
[2024-03-08 20:07:03] sqli Connection established
[2024-03-08 20:07:03] PDO data Connection established
[2024-03-08 20:07:19] sqli Connection established
[2024-03-08 20:07:19] PDO data Connection established
[2024-03-08 20:07:41] sqli Connection established
[2024-03-08 20:07:41] PDO data Connection established
[2024-03-08 20:08:07] sqli Connection established
[2024-03-08 20:08:07] PDO data Connection established
[2024-03-08 20:08:17] sqli Connection established
[2024-03-08 20:08:17] PDO data Connection established
[2024-03-08 20:08:23] sqli Connection established
[2024-03-08 20:08:23] PDO data Connection established
[2024-03-08 20:08:37] sqli Connection established
[2024-03-08 20:08:37] PDO data Connection established
[2024-03-08 20:09:47] sqli Connection established
[2024-03-08 20:09:47] PDO data Connection established
[2024-03-08 20:10:11] sqli Connection established
[2024-03-08 20:10:11] PDO data Connection established
[2024-03-08 20:10:25] sqli Connection established
[2024-03-08 20:10:25] PDO data Connection established
[2024-03-08 20:11:41] sqli Connection established
[2024-03-08 20:11:41] PDO data Connection established
[2024-03-08 20:11:48] sqli Connection established
[2024-03-08 20:11:48] PDO data Connection established
[2024-03-08 20:12:01] sqli Connection established
[2024-03-08 20:12:01] PDO data Connection established
[2024-03-08 20:12:11] sqli Connection established
[2024-03-08 20:12:11] PDO data Connection established
[2024-03-08 20:12:22] sqli Connection established
[2024-03-08 20:12:22] PDO data Connection established
[2024-03-08 20:12:28] sqli Connection established
[2024-03-08 20:12:28] PDO data Connection established
[2024-03-08 20:12:35] sqli Connection established
[2024-03-08 20:12:35] PDO data Connection established
[2024-03-08 20:12:47] sqli Connection established
[2024-03-08 20:12:47] PDO data Connection established
[2024-03-08 20:13:03] sqli Connection established
[2024-03-08 20:13:03] PDO data Connection established
[2024-03-08 20:13:11] sqli Connection established
[2024-03-08 20:13:11] PDO data Connection established
[2024-03-08 20:13:35] sqli Connection established
[2024-03-08 20:13:35] PDO data Connection established
[2024-03-08 20:13:41] sqli Connection established
[2024-03-08 20:13:41] PDO data Connection established
[2024-03-08 20:13:46] sqli Connection established
[2024-03-08 20:13:46] PDO data Connection established
[2024-03-08 20:13:55] sqli Connection established
[2024-03-08 20:13:55] PDO data Connection established
[2024-03-08 20:14:05] sqli Connection established
[2024-03-08 20:14:05] PDO data Connection established
[2024-03-08 20:14:13] sqli Connection established
[2024-03-08 20:14:13] PDO data Connection established
[2024-03-08 20:14:16] sqli Connection established
[2024-03-08 20:14:16] PDO data Connection established
[2024-03-08 20:16:15] sqli Connection established
[2024-03-08 20:16:15] PDO data Connection established
[2024-03-08 20:17:56] sqli Connection established
[2024-03-08 20:17:56] PDO data Connection established
[2024-03-08 20:18:01] sqli Connection established
[2024-03-08 20:18:01] PDO data Connection established
[2024-03-08 20:18:42] sqli Connection established
[2024-03-08 20:18:42] PDO data Connection established
[2024-03-08 20:20:03] sqli Connection established
[2024-03-08 20:20:03] PDO data Connection established
[2024-03-08 20:20:09] sqli Connection established
[2024-03-08 20:20:09] PDO data Connection established
[2024-03-08 20:20:14] sqli Connection established
[2024-03-08 20:20:14] PDO data Connection established
[2024-03-08 20:20:17] sqli Connection established
[2024-03-08 20:20:17] PDO data Connection established
[2024-03-08 20:20:25] sqli Connection established
[2024-03-08 20:20:25] PDO data Connection established
[2024-03-08 20:20:41] sqli Connection established
[2024-03-08 20:20:41] PDO data Connection established
[2024-03-08 20:20:46] sqli Connection established
[2024-03-08 20:20:46] PDO data Connection established
[2024-03-08 20:20:52] sqli Connection established
[2024-03-08 20:20:52] PDO data Connection established
[2024-03-08 20:20:57] sqli Connection established
[2024-03-08 20:20:57] PDO data Connection established
[2024-03-08 20:21:32] sqli Connection established
[2024-03-08 20:21:33] PDO data Connection established
[2024-03-08 20:22:09] sqli Connection established
[2024-03-08 20:22:09] PDO data Connection established
[2024-03-08 20:22:14] sqli Connection established
[2024-03-08 20:22:14] PDO data Connection established
[2024-03-08 20:22:18] sqli Connection established
[2024-03-08 20:22:18] PDO data Connection established
[2024-03-08 20:22:20] sqli Connection established
[2024-03-08 20:22:20] PDO data Connection established
[2024-03-08 20:22:22] sqli Connection established
[2024-03-08 20:22:22] PDO data Connection established
[2024-03-08 20:22:26] sqli Connection established
[2024-03-08 20:22:26] PDO data Connection established
[2024-03-08 20:23:26] sqli Connection established
[2024-03-08 20:23:26] PDO data Connection established
[2024-03-09 09:45:21] sqli Connection established
[2024-03-09 09:45:21] PDO data Connection established
[2024-03-09 09:45:43] sqli Connection established
[2024-03-09 09:45:43] PDO data Connection established
[2024-03-09 09:45:56] sqli Connection established
[2024-03-09 09:45:56] PDO data Connection established
[2024-03-09 09:49:15] sqli Connection established
[2024-03-09 09:49:15] PDO data Connection established
[2024-03-09 09:49:20] sqli Connection established
[2024-03-09 09:49:20] PDO data Connection established
[2024-03-09 09:49:26] sqli Connection established
[2024-03-09 09:49:26] PDO data Connection established
[2024-03-09 09:49:30] sqli Connection established
[2024-03-09 09:49:30] PDO data Connection established
[2024-03-09 09:49:40] sqli Connection established
[2024-03-09 09:49:40] PDO data Connection established
[2024-03-09 09:49:54] sqli Connection established
[2024-03-09 09:49:54] PDO data Connection established
[2024-03-09 09:50:06] sqli Connection established
[2024-03-09 09:50:06] PDO data Connection established
[2024-03-09 09:50:19] sqli Connection established
[2024-03-09 09:50:19] PDO data Connection established
[2024-03-09 09:50:44] sqli Connection established
[2024-03-09 09:50:44] PDO data Connection established
[2024-03-09 09:50:50] sqli Connection established
[2024-03-09 09:50:50] PDO data Connection established
[2024-03-09 09:50:56] sqli Connection established
[2024-03-09 09:50:56] PDO data Connection established
[2024-03-09 09:51:00] sqli Connection established
[2024-03-09 09:51:00] PDO data Connection established
[2024-03-09 09:51:05] sqli Connection established
[2024-03-09 09:51:05] PDO data Connection established
[2024-03-09 09:51:11] sqli Connection established
[2024-03-09 09:51:11] PDO data Connection established
[2024-03-09 09:53:51] sqli Connection established
[2024-03-09 09:53:51] PDO data Connection established
[2024-03-09 09:54:38] sqli Connection established
[2024-03-09 09:54:38] PDO data Connection established
[2024-03-09 09:57:42] sqli Connection established
[2024-03-09 09:57:42] PDO data Connection established
[2024-03-09 09:58:52] sqli Connection established
[2024-03-09 09:58:52] PDO data Connection established
[2024-03-09 10:00:18] sqli Connection established
[2024-03-09 10:00:19] PDO data Connection established
[2024-03-09 10:00:54] sqli Connection established
[2024-03-09 10:00:54] PDO data Connection established
[2024-03-09 10:01:50] sqli Connection established
[2024-03-09 10:01:50] PDO data Connection established
[2024-03-09 10:05:29] sqli Connection established
[2024-03-09 10:05:29] PDO data Connection established
[2024-03-09 10:07:54] sqli Connection established
[2024-03-09 10:07:54] PDO data Connection established
[2024-03-09 10:11:04] sqli Connection established
[2024-03-09 10:11:04] PDO data Connection established
[2024-03-09 13:37:28] sqli Connection established
[2024-03-09 13:37:28] PDO data Connection established
[2024-03-09 13:37:35] sqli Connection established
[2024-03-09 13:37:35] PDO data Connection established
[2024-03-09 13:37:39] sqli Connection established
[2024-03-09 13:37:39] PDO data Connection established
[2024-03-09 13:37:44] sqli Connection established
[2024-03-09 13:37:44] PDO data Connection established
[2024-03-09 13:37:47] sqli Connection established
[2024-03-09 13:37:47] PDO data Connection established
[2024-03-09 13:37:50] sqli Connection established
[2024-03-09 13:37:50] PDO data Connection established
[2024-03-09 13:38:25] sqli Connection established
[2024-03-09 13:38:25] PDO data Connection established
[2024-03-09 13:38:31] sqli Connection established
[2024-03-09 13:38:31] PDO data Connection established
[2024-03-09 13:38:34] sqli Connection established
[2024-03-09 13:38:34] PDO data Connection established
[2024-03-09 13:38:41] sqli Connection established
[2024-03-09 13:38:41] PDO data Connection established
[2024-03-09 13:38:50] sqli Connection established
[2024-03-09 13:38:50] PDO data Connection established
[2024-03-09 13:38:57] sqli Connection established
[2024-03-09 13:38:57] PDO data Connection established
[2024-03-09 13:39:02] sqli Connection established
[2024-03-09 13:39:02] PDO data Connection established
[2024-03-09 13:39:15] sqli Connection established
[2024-03-09 13:39:15] PDO data Connection established
[2024-03-09 13:39:24] sqli Connection established
[2024-03-09 13:39:24] PDO data Connection established
[2024-03-09 13:39:31] sqli Connection established
[2024-03-09 13:39:31] PDO data Connection established
[2024-03-09 13:39:35] sqli Connection established
[2024-03-09 13:39:35] PDO data Connection established
[2024-03-09 13:39:41] sqli Connection established
[2024-03-09 13:39:41] PDO data Connection established
[2024-03-09 13:39:49] sqli Connection established
[2024-03-09 13:39:49] PDO data Connection established
[2024-03-09 13:39:56] sqli Connection established
[2024-03-09 13:39:56] PDO data Connection established
[2024-03-09 13:40:40] sqli Connection established
[2024-03-09 13:40:40] PDO data Connection established
[2024-03-09 13:41:33] sqli Connection established
[2024-03-09 13:41:34] PDO data Connection established
[2024-03-09 13:41:42] sqli Connection established
[2024-03-09 13:41:42] PDO data Connection established
[2024-03-09 13:41:51] sqli Connection established
[2024-03-09 13:41:51] PDO data Connection established
[2024-03-09 13:41:57] sqli Connection established
[2024-03-09 13:41:57] PDO data Connection established
[2024-03-09 13:42:00] sqli Connection established
[2024-03-09 13:42:00] PDO data Connection established
[2024-03-09 13:42:04] sqli Connection established
[2024-03-09 13:42:04] PDO data Connection established
[2024-03-09 13:42:07] sqli Connection established
[2024-03-09 13:42:07] PDO data Connection established
[2024-03-09 13:42:11] sqli Connection established
[2024-03-09 13:42:11] PDO data Connection established
[2024-03-09 13:42:19] sqli Connection established
[2024-03-09 13:42:20] PDO data Connection established
[2024-03-09 13:42:25] sqli Connection established
[2024-03-09 13:42:25] PDO data Connection established
[2024-03-09 13:42:30] sqli Connection established
[2024-03-09 13:42:30] PDO data Connection established
[2024-03-09 13:42:33] sqli Connection established
[2024-03-09 13:42:33] PDO data Connection established
[2024-03-09 13:42:55] sqli Connection established
[2024-03-09 13:42:55] PDO data Connection established
[2024-03-09 13:43:01] sqli Connection established
[2024-03-09 13:43:01] PDO data Connection established
[2024-03-09 13:43:07] sqli Connection established
[2024-03-09 13:43:07] PDO data Connection established
[2024-03-09 13:43:25] sqli Connection established
[2024-03-09 13:43:25] PDO data Connection established
[2024-03-09 13:43:36] sqli Connection established
[2024-03-09 13:43:36] PDO data Connection established
[2024-03-09 13:43:41] sqli Connection established
[2024-03-09 13:43:41] PDO data Connection established
[2024-03-09 13:43:51] sqli Connection established
[2024-03-09 13:43:51] PDO data Connection established
[2024-03-09 13:44:04] sqli Connection established
[2024-03-09 13:44:04] PDO data Connection established
[2024-03-09 13:44:14] sqli Connection established
[2024-03-09 13:44:14] PDO data Connection established
[2024-03-09 13:44:19] sqli Connection established
[2024-03-09 13:44:19] PDO data Connection established
[2024-03-09 13:45:34] sqli Connection established
[2024-03-09 13:45:34] PDO data Connection established
[2024-03-09 13:45:41] sqli Connection established
[2024-03-09 13:45:41] PDO data Connection established
[2024-03-09 13:46:00] sqli Connection established
[2024-03-09 13:46:00] PDO data Connection established
[2024-03-09 13:46:21] sqli Connection established
[2024-03-09 13:46:21] PDO data Connection established
[2024-03-09 13:46:33] sqli Connection established
[2024-03-09 13:46:33] PDO data Connection established
[2024-03-09 13:49:19] sqli Connection established
[2024-03-09 13:49:19] PDO data Connection established
[2024-03-09 13:49:26] sqli Connection established
[2024-03-09 13:49:26] PDO data Connection established
[2024-03-09 13:49:31] sqli Connection established
[2024-03-09 13:49:31] PDO data Connection established
[2024-03-09 13:50:27] sqli Connection established
[2024-03-09 13:50:27] PDO data Connection established
[2024-03-09 13:51:14] sqli Connection established
[2024-03-09 13:51:14] PDO data Connection established
[2024-03-09 13:51:22] sqli Connection established
[2024-03-09 13:51:22] PDO data Connection established
[2024-03-09 13:51:27] sqli Connection established
[2024-03-09 13:51:27] PDO data Connection established
[2024-03-09 13:51:33] sqli Connection established
[2024-03-09 13:51:33] PDO data Connection established
[2024-03-09 13:51:44] sqli Connection established
[2024-03-09 13:51:44] PDO data Connection established
[2024-03-09 13:51:49] sqli Connection established
[2024-03-09 13:51:49] PDO data Connection established
[2024-03-09 13:51:55] sqli Connection established
[2024-03-09 13:51:55] PDO data Connection established
[2024-03-09 13:52:04] sqli Connection established
[2024-03-09 13:52:04] PDO data Connection established
[2024-03-09 13:52:09] sqli Connection established
[2024-03-09 13:52:09] PDO data Connection established
[2024-03-09 13:52:14] sqli Connection established
[2024-03-09 13:52:14] PDO data Connection established
[2024-03-09 13:52:19] sqli Connection established
[2024-03-09 13:52:19] PDO data Connection established
[2024-03-09 13:52:31] sqli Connection established
[2024-03-09 13:52:31] PDO data Connection established
[2024-03-09 13:52:39] sqli Connection established
[2024-03-09 13:52:39] PDO data Connection established
[2024-03-09 13:52:49] sqli Connection established
[2024-03-09 13:52:49] PDO data Connection established
[2024-03-09 14:36:11] sqli Connection established
[2024-03-09 14:36:11] PDO data Connection established
[2024-03-09 14:36:25] sqli Connection established
[2024-03-09 14:36:25] PDO data Connection established
[2024-03-09 14:36:39] sqli Connection established
[2024-03-09 14:36:39] PDO data Connection established
[2024-03-09 14:36:49] sqli Connection established
[2024-03-09 14:36:49] PDO data Connection established
[2024-03-09 14:37:23] sqli Connection established
[2024-03-09 14:37:23] PDO data Connection established
[2024-03-09 15:18:49] sqli Connection established
[2024-03-09 15:18:49] PDO data Connection established
[2024-03-09 15:19:05] sqli Connection established
[2024-03-09 15:19:05] PDO data Connection established
[2024-03-09 15:19:12] sqli Connection established
[2024-03-09 15:19:12] PDO data Connection established
[2024-03-09 15:19:15] sqli Connection established
[2024-03-09 15:19:15] PDO data Connection established
[2024-03-09 15:19:26] sqli Connection established
[2024-03-09 15:19:26] PDO data Connection established
[2024-03-09 18:38:08] sqli Connection established
[2024-03-09 18:38:08] PDO data Connection established
[2024-03-09 18:38:20] sqli Connection established
[2024-03-09 18:38:20] PDO data Connection established
[2024-03-09 18:38:29] sqli Connection established
[2024-03-09 18:38:29] PDO data Connection established
[2024-03-10 11:33:30] sqli Connection established
[2024-03-10 11:33:30] PDO data Connection established
[2024-03-10 13:03:34] sqli Connection established
[2024-03-10 13:03:34] PDO data Connection established
[2024-03-10 13:03:53] sqli Connection established
[2024-03-10 13:03:53] PDO data Connection established
[2024-03-10 13:04:01] sqli Connection established
[2024-03-10 13:04:01] PDO data Connection established
[2024-03-10 13:05:17] sqli Connection established
[2024-03-10 13:05:17] PDO data Connection established
[2024-03-10 13:05:23] sqli Connection established
[2024-03-10 13:05:23] PDO data Connection established
[2024-03-10 13:05:38] sqli Connection established
[2024-03-10 13:05:38] PDO data Connection established
[2024-03-10 13:05:45] sqli Connection established
[2024-03-10 13:05:45] PDO data Connection established
[2024-03-10 13:12:17] sqli Connection established
[2024-03-10 13:12:17] PDO data Connection established
[2024-03-10 13:12:21] sqli Connection established
[2024-03-10 13:12:21] PDO data Connection established
[2024-03-10 13:12:26] sqli Connection established
[2024-03-10 13:12:26] PDO data Connection established
[2024-03-10 13:12:32] sqli Connection established
[2024-03-10 13:12:32] PDO data Connection established
[2024-03-10 13:14:20] sqli Connection established
[2024-03-10 13:14:20] PDO data Connection established
[2024-03-10 13:14:34] sqli Connection established
[2024-03-10 13:14:34] PDO data Connection established
[2024-03-10 13:14:42] sqli Connection established
[2024-03-10 13:14:42] PDO data Connection established
[2024-03-10 13:14:50] sqli Connection established
[2024-03-10 13:14:50] PDO data Connection established
[2024-03-10 13:15:02] sqli Connection established
[2024-03-10 13:15:02] PDO data Connection established
[2024-03-10 13:15:11] sqli Connection established
[2024-03-10 13:15:11] PDO data Connection established
[2024-03-10 13:15:18] sqli Connection established
[2024-03-10 13:15:18] PDO data Connection established
[2024-03-10 13:15:24] sqli Connection established
[2024-03-10 13:15:24] PDO data Connection established
[2024-03-10 13:15:31] sqli Connection established
[2024-03-10 13:15:31] PDO data Connection established
[2024-03-10 13:15:50] sqli Connection established
[2024-03-10 13:15:50] PDO data Connection established
[2024-03-10 13:15:53] sqli Connection established
[2024-03-10 13:15:53] PDO data Connection established
[2024-03-10 13:38:40] sqli Connection established
[2024-03-10 13:38:40] PDO data Connection established
[2024-03-10 13:38:47] sqli Connection established
[2024-03-10 13:38:47] PDO data Connection established
[2024-03-10 13:38:54] sqli Connection established
[2024-03-10 13:38:54] PDO data Connection established
[2024-03-10 13:38:56] sqli Connection established
[2024-03-10 13:38:56] PDO data Connection established
[2024-03-10 13:38:57] sqli Connection established
[2024-03-10 13:38:57] PDO data Connection established
[2024-03-10 13:39:01] sqli Connection established
[2024-03-10 13:39:01] PDO data Connection established
[2024-03-10 13:39:05] sqli Connection established
[2024-03-10 13:39:05] PDO data Connection established
[2024-03-10 13:39:13] sqli Connection established
[2024-03-10 13:39:13] PDO data Connection established
[2024-03-10 13:39:24] sqli Connection established
[2024-03-10 13:39:24] PDO data Connection established
[2024-03-10 13:39:32] sqli Connection established
[2024-03-10 13:39:32] PDO data Connection established
[2024-03-10 13:39:44] sqli Connection established
[2024-03-10 13:39:44] PDO data Connection established
[2024-03-10 13:39:54] sqli Connection established
[2024-03-10 13:39:54] PDO data Connection established
[2024-03-10 13:40:23] sqli Connection established
[2024-03-10 13:40:23] PDO data Connection established
[2024-03-10 13:40:28] sqli Connection established
[2024-03-10 13:40:28] PDO data Connection established
[2024-03-10 13:40:33] sqli Connection established
[2024-03-10 13:40:33] PDO data Connection established
[2024-03-10 13:51:00] sqli Connection established
[2024-03-10 13:51:00] PDO data Connection established
[2024-03-10 14:12:06] sqli Connection established
[2024-03-10 14:12:06] PDO data Connection established
[2024-03-10 14:12:12] sqli Connection established
[2024-03-10 14:12:12] PDO data Connection established
[2024-03-10 14:12:19] sqli Connection established
[2024-03-10 14:12:19] PDO data Connection established
[2024-03-10 14:13:06] sqli Connection established
[2024-03-10 14:13:06] PDO data Connection established
[2024-03-10 14:14:13] sqli Connection established
[2024-03-10 14:14:14] PDO data Connection established
[2024-03-10 14:14:48] sqli Connection established
[2024-03-10 14:14:48] PDO data Connection established
[2024-03-10 14:16:22] sqli Connection established
[2024-03-10 14:16:22] PDO data Connection established
[2024-03-10 14:19:31] sqli Connection established
[2024-03-10 14:19:31] PDO data Connection established
[2024-03-10 14:20:04] sqli Connection established
[2024-03-10 14:20:04] PDO data Connection established
[2024-03-10 14:20:13] sqli Connection established
[2024-03-10 14:20:13] PDO data Connection established
[2024-03-10 14:20:22] sqli Connection established
[2024-03-10 14:20:22] PDO data Connection established
[2024-03-10 14:22:15] sqli Connection established
[2024-03-10 14:22:15] PDO data Connection established
[2024-03-10 14:22:22] sqli Connection established
[2024-03-10 14:22:22] PDO data Connection established
[2024-03-11 07:04:35] sqli Connection established
[2024-03-11 07:04:35] sqli Connection established
[2024-03-11 07:04:47] sqli Connection established
[2024-03-11 11:55:45] sqli Connection established
[2024-03-11 12:01:42] sqli Connection established
[2024-03-11 14:36:15] sqli Connection established
[2024-03-11 14:36:19] sqli Connection established
[2024-03-11 14:36:21] sqli Connection established
[2024-03-11 14:38:42] sqli Connection established
[2024-03-11 14:53:03] sqli Connection established
[2024-03-11 14:54:20] sqli Connection established
[2024-03-11 15:15:35] sqli Connection established
[2024-03-11 15:15:39] sqli Connection established
[2024-03-11 15:16:44] sqli Connection established
[2024-03-11 15:16:47] sqli Connection established
[2024-03-11 15:16:49] sqli Connection established
[2024-03-11 15:16:53] sqli Connection established
[2024-03-11 15:16:56] sqli Connection established
[2024-03-11 15:26:34] sqli Connection established
[2024-03-11 15:26:42] sqli Connection established
[2024-03-11 15:26:49] sqli Connection established
[2024-03-11 15:26:53] sqli Connection established
[2024-03-11 15:26:56] sqli Connection established
[2024-03-11 15:26:59] sqli Connection established
[2024-03-11 17:39:33] sqli Connection established
[2024-03-11 18:51:44] sqli Connection established
[2024-03-11 20:00:50] sqli Connection established
[2024-03-11 20:00:51] sqli Connection established
[2024-03-11 20:00:52] sqli Connection established
[2024-03-11 20:00:55] sqli Connection established
[2024-03-11 20:00:57] sqli Connection established
[2024-03-11 20:08:26] sqli Connection established
[2024-03-11 20:08:35] sqli Connection established
[2024-03-11 20:08:37] sqli Connection established
[2024-03-12 12:20:16] sqli Connection established
[2024-03-12 12:20:18] sqli Connection established
[2024-03-12 12:20:19] sqli Connection established
[2024-03-12 12:20:21] sqli Connection established
[2024-03-12 12:20:24] sqli Connection established
[2024-03-12 12:20:27] sqli Connection established
[2024-03-12 12:20:29] sqli Connection established
[2024-03-12 12:20:33] sqli Connection established
[2024-03-12 12:20:36] sqli Connection established
[2024-03-12 12:20:39] sqli Connection established
[2024-03-12 12:20:42] sqli Connection established
[2024-03-12 12:20:43] sqli Connection established
[2024-03-12 12:21:08] sqli Connection established
[2024-03-12 12:21:17] sqli Connection established
[2024-03-12 12:21:24] sqli Connection established
[2024-03-12 12:21:27] sqli Connection established
[2024-03-12 12:21:31] sqli Connection established
[2024-03-12 12:21:33] sqli Connection established
[2024-03-12 12:21:37] sqli Connection established
[2024-03-12 12:21:38] sqli Connection established
[2024-03-12 12:21:40] sqli Connection established
[2024-03-12 12:21:44] sqli Connection established
[2024-03-12 12:21:46] sqli Connection established
[2024-03-12 12:21:51] sqli Connection established
[2024-03-12 12:21:52] sqli Connection established
[2024-03-12 12:22:01] sqli Connection established
[2024-03-12 12:22:03] sqli Connection established
[2024-03-12 12:22:10] sqli Connection established
[2024-03-12 12:22:13] sqli Connection established
[2024-03-12 12:22:18] sqli Connection established
[2024-03-12 12:22:24] sqli Connection established
[2024-03-12 12:22:27] sqli Connection established
[2024-03-12 12:22:32] sqli Connection established
[2024-03-12 12:22:38] sqli Connection established
[2024-03-12 12:22:41] sqli Connection established
[2024-03-12 12:22:43] sqli Connection established
[2024-03-12 12:22:44] sqli Connection established
[2024-03-12 12:23:45] sqli Connection established
[2024-03-12 15:07:00] sqli Connection established
[2024-03-12 15:08:44] sqli Connection established
[2024-03-12 15:08:49] sqli Connection established
[2024-03-12 15:09:10] sqli Connection established
[2024-03-12 15:13:26] sqli Connection established
[2024-03-12 15:21:01] sqli Connection established
[2024-03-12 15:26:36] sqli Connection established
[2024-03-12 15:26:43] sqli Connection established
[2024-03-12 15:26:45] sqli Connection established
[2024-03-12 15:28:54] sqli Connection established
[2024-03-12 15:30:26] sqli Connection established
[2024-03-12 15:52:29] sqli Connection established
[2024-03-12 15:53:01] sqli Connection established
[2024-03-12 15:53:40] sqli Connection established
[2024-03-12 15:53:57] sqli Connection established
[2024-03-12 15:57:22] sqli Connection established
[2024-03-12 20:08:06] sqli Connection established
[2024-03-12 20:41:17] sqli Connection established
[2024-03-12 20:42:27] sqli Connection established
[2024-03-12 20:45:50] sqli Connection established
[2024-03-12 20:50:41] sqli Connection established
[2024-03-12 20:51:11] sqli Connection established
[2024-03-12 20:53:08] sqli Connection established
[2024-03-12 20:54:17] sqli Connection established
[2024-03-12 21:00:16] sqli Connection established
[2024-03-12 21:00:54] sqli Connection established
[2024-03-12 21:02:17] sqli Connection established
[2024-03-12 21:04:11] sqli Connection established
[2024-03-12 21:05:42] sqli Connection established
[2024-03-12 21:14:32] sqli Connection established
[2024-03-12 21:14:58] sqli Connection established
[2024-03-12 21:16:39] sqli Connection established
[2024-03-13 06:30:44] sqli Connection established
[2024-03-13 06:31:41] sqli Connection established
[2024-03-13 06:31:50] sqli Connection established
[2024-03-13 06:31:53] sqli Connection established
[2024-03-13 06:32:02] sqli Connection established
[2024-03-13 06:32:08] sqli Connection established
[2024-03-13 06:32:58] sqli Connection established
[2024-03-13 07:01:14] sqli Connection established
[2024-03-13 08:14:32] sqli Connection established
[2024-03-13 08:14:36] sqli Connection established
[2024-03-13 08:14:41] sqli Connection established
[2024-03-13 08:14:47] sqli Connection established
[2024-03-13 11:30:02] sqli Connection established
[2024-03-13 11:30:08] sqli Connection established
[2024-03-13 11:31:22] sqli Connection established
[2024-03-13 11:34:36] sqli Connection established
[2024-03-13 11:34:44] sqli Connection established
[2024-03-13 11:36:10] sqli Connection established
[2024-03-13 11:37:03] sqli Connection established
[2024-03-13 11:37:09] sqli Connection established
[2024-03-13 11:37:19] sqli Connection established
[2024-03-13 11:37:27] sqli Connection established
[2024-03-13 14:27:38] sqli Connection established
[2024-03-13 14:27:42] sqli Connection established
[2024-03-13 14:32:39] sqli Connection established
[2024-03-13 14:33:10] sqli Connection established
[2024-03-13 14:33:25] sqli Connection established
[2024-03-13 14:33:59] sqli Connection established
[2024-03-13 14:51:55] sqli Connection established
[2024-03-13 14:52:48] sqli Connection established
[2024-03-13 14:52:55] sqli Connection established
[2024-03-13 17:20:53] sqli Connection established
[2024-03-13 17:22:07] sqli Connection established
[2024-03-13 17:22:18] sqli Connection established
[2024-03-13 17:22:38] sqli Connection established
[2024-03-13 17:23:24] sqli Connection established
[2024-03-13 17:24:34] sqli Connection established
[2024-03-13 17:26:35] sqli Connection established
[2024-03-13 17:28:01] sqli Connection established
[2024-03-13 17:32:07] sqli Connection established
[2024-03-13 17:32:26] sqli Connection established
[2024-03-13 17:32:31] sqli Connection established
[2024-03-13 17:32:51] sqli Connection established
[2024-03-13 17:33:03] sqli Connection established
[2024-03-13 17:33:26] sqli Connection established
[2024-03-13 17:34:32] sqli Connection established
[2024-03-13 17:36:14] sqli Connection established
[2024-03-13 17:37:25] sqli Connection established
[2024-03-13 17:38:43] sqli Connection established
[2024-03-13 17:38:47] sqli Connection established
[2024-03-13 17:40:40] sqli Connection established
[2024-03-13 17:41:26] sqli Connection established
[2024-03-13 17:43:54] sqli Connection established
[2024-03-13 17:46:54] sqli Connection established
[2024-03-13 17:47:03] sqli Connection established
[2024-03-13 18:13:27] sqli Connection established
[2024-03-13 18:31:46] sqli Connection established
[2024-03-13 18:32:00] sqli Connection established
[2024-03-13 18:32:07] sqli Connection established
[2024-03-13 19:04:39] sqli Connection established
[2024-03-13 19:06:35] sqli Connection established
[2024-03-13 19:07:02] sqli Connection established
[2024-03-13 19:07:43] sqli Connection established
[2024-03-13 19:10:01] sqli Connection established
[2024-03-13 19:19:57] sqli Connection established
[2024-03-13 19:20:35] sqli Connection established
[2024-03-13 19:21:36] sqli Connection established
[2024-03-13 19:21:45] sqli Connection established
[2024-03-13 19:22:03] sqli Connection established
[2024-03-13 19:22:12] sqli Connection established
[2024-03-13 19:22:19] sqli Connection established
[2024-03-13 19:23:04] sqli Connection established
[2024-03-13 19:23:12] sqli Connection established
[2024-03-13 19:23:18] sqli Connection established
[2024-03-13 19:26:05] sqli Connection established
[2024-03-14 11:34:16] sqli Connection established
[2024-03-14 11:34:23] sqli Connection established
[2024-03-15 19:28:35] sqli Connection established
[2024-03-15 19:28:38] sqli Connection established
[2024-03-15 21:32:59] sqli Connection established
[2024-03-15 21:33:05] sqli Connection established
[2024-03-17 15:46:35] sqli Connection established
[2024-03-17 15:47:17] sqli Connection established
[2024-03-17 15:50:02] sqli Connection established
[2024-03-17 19:14:58] sqli Connection established
[2024-03-17 19:43:32] sqli Connection established
[2024-03-17 19:43:34] sqli Connection established
[2024-03-17 19:55:46] sqli Connection established
[2024-03-17 20:00:07] sqli Connection established
[2024-03-17 20:07:33] sqli Connection established
[2024-03-17 20:08:00] sqli Connection established
[2024-03-17 20:08:11] sqli Connection established
[2024-03-17 20:08:24] sqli Connection established
[2024-03-17 20:08:36] sqli Connection established
[2024-03-17 20:08:39] sqli Connection established
[2024-03-17 20:20:53] sqli Connection established
[2024-03-17 20:21:06] sqli Connection established
[2024-03-17 20:22:01] sqli Connection established
[2024-03-17 20:28:46] sqli Connection established
[2024-03-17 20:30:35] sqli Connection established
[2024-03-17 20:36:14] sqli Connection established
[2024-03-17 20:37:56] sqli Connection established
[2024-03-17 20:38:37] sqli Connection established
[2024-03-17 20:38:50] sqli Connection established
[2024-03-17 20:39:06] sqli Connection established
[2024-03-17 20:40:00] sqli Connection established
[2024-03-17 20:42:30] sqli Connection established
[2024-03-17 20:43:47] sqli Connection established
[2024-03-17 20:48:02] sqli Connection established
[2024-03-17 20:49:55] sqli Connection established
[2024-03-17 20:51:11] sqli Connection established
[2024-03-17 20:51:38] sqli Connection established
[2024-03-17 20:51:42] sqli Connection established
[2024-03-17 20:51:56] sqli Connection established
[2024-03-18 15:28:23] sqli Connection established
[2024-03-18 15:29:00] sqli Connection established
[2024-03-18 15:30:07] sqli Connection established
[2024-03-18 15:30:51] sqli Connection established
[2024-03-18 15:31:19] sqli Connection established
[2024-03-18 15:31:23] sqli Connection established
[2024-03-18 15:31:31] sqli Connection established
[2024-03-18 15:35:03] sqli Connection established
[2024-03-18 15:35:05] sqli Connection established
[2024-03-18 15:35:28] sqli Connection established
[2024-03-18 15:35:31] sqli Connection established
[2024-03-18 15:35:45] sqli Connection established
[2024-03-18 20:42:19] sqli Connection established
[2024-03-18 20:52:33] sqli Connection established
[2024-03-18 20:55:38] sqli Connection established
[2024-03-18 20:55:40] sqli Connection established
[2024-03-18 21:13:13] sqli Connection established
[2024-03-18 21:14:04] sqli Connection established
[2024-03-19 14:54:53] sqli Connection established
[2024-03-19 19:43:18] sqli Connection established
[2024-03-19 19:43:47] sqli Connection established
[2024-03-19 19:53:19] sqli Connection established
[2024-03-19 19:54:56] sqli Connection established
[2024-03-19 19:56:12] sqli Connection established
[2024-03-19 19:56:21] sqli Connection established
[2024-03-19 19:57:26] sqli Connection established
[2024-03-19 20:14:40] sqli Connection established
[2024-03-19 20:14:41] sqli Connection established
[2024-03-19 20:14:43] sqli Connection established
[2024-03-19 20:18:14] sqli Connection established
[2024-03-19 20:18:16] sqli Connection established
[2024-03-19 20:19:31] sqli Connection established
[2024-03-20 21:55:14] sqli Connection established
[2024-03-20 21:59:18] sqli Connection established
[2024-03-22 08:56:46] sqli Connection established
[2024-03-22 10:38:09] sqli Connection established
[2024-03-22 10:47:47] sqli Connection established
[2024-03-22 10:48:22] sqli Connection established
[2024-03-22 11:00:35] sqli Connection established
[2024-03-22 11:00:37] sqli Connection established
[2024-03-22 11:04:14] sqli Connection established
[2024-03-22 11:05:36] sqli Connection established
[2024-03-22 11:23:11] sqli Connection established
[2024-03-22 11:31:09] sqli Connection established
[2024-03-22 11:32:01] sqli Connection established
[2024-03-22 11:32:11] sqli Connection established
[2024-03-22 11:50:17] sqli Connection established
[2024-03-22 11:51:23] sqli Connection established
[2024-03-22 11:53:15] sqli Connection established
[2024-03-22 11:53:32] sqli Connection established
[2024-03-22 11:53:53] sqli Connection established
[2024-03-22 11:53:55] sqli Connection established
[2024-03-22 11:54:45] sqli Connection established
[2024-03-22 11:55:00] sqli Connection established
[2024-03-22 11:55:56] sqli Connection established
[2024-03-22 13:13:04] sqli Connection established
[2024-03-22 13:13:18] sqli Connection established
[2024-03-22 13:13:26] sqli Connection established
[2024-03-22 13:13:28] sqli Connection established
[2024-03-22 13:13:30] sqli Connection established
[2024-03-23 10:20:59] sqli Connection established
[2024-03-23 10:21:12] sqli Connection established
[2024-03-23 10:21:15] sqli Connection established
[2024-03-23 10:21:17] sqli Connection established
[2024-03-23 17:28:05] sqli Connection established
[2024-03-23 17:29:56] sqli Connection established
[2024-03-23 19:45:53] sqli Connection established
[2024-03-24 10:16:10] sqli Connection established
[2024-03-24 10:37:04] sqli Connection established
[2024-03-24 10:40:13] sqli Connection established
[2024-03-24 10:43:52] sqli Connection established
[2024-03-24 10:45:08] sqli Connection established
[2024-03-24 10:46:11] sqli Connection established
[2024-03-24 10:47:52] sqli Connection established
[2024-03-24 10:48:04] sqli Connection established
[2024-03-24 10:53:09] sqli Connection established
[2024-03-24 10:55:13] sqli Connection established
[2024-03-24 10:55:14] sqli Connection established
[2024-03-24 10:55:14] sqli Connection established
[2024-03-24 10:55:15] sqli Connection established
[2024-03-24 10:55:18] sqli Connection established
[2024-03-24 10:56:03] sqli Connection established
[2024-03-24 10:57:58] sqli Connection established
[2024-03-24 11:02:21] sqli Connection established
[2024-03-24 11:03:55] sqli Connection established
[2024-03-24 11:05:32] sqli Connection established
[2024-03-24 11:06:02] sqli Connection established
[2024-03-24 11:07:57] sqli Connection established
[2024-03-24 11:08:46] sqli Connection established
[2024-03-24 11:08:49] sqli Connection established
[2024-03-24 11:11:12] sqli Connection established
[2024-03-24 11:11:22] sqli Connection established
[2024-03-24 11:12:08] sqli Connection established
[2024-03-24 11:14:25] sqli Connection established
[2024-03-24 11:16:36] sqli Connection established
[2024-03-24 11:18:41] sqli Connection established
[2024-03-24 11:18:45] sqli Connection established
[2024-03-24 11:18:47] sqli Connection established
[2024-03-24 11:19:29] sqli Connection established
[2024-03-24 11:19:30] sqli Connection established
[2024-03-24 11:19:34] sqli Connection established
[2024-03-24 11:19:39] sqli Connection established
[2024-03-24 11:19:42] sqli Connection established
[2024-03-24 11:24:58] sqli Connection established
[2024-03-24 14:52:17] sqli Connection established
[2024-03-24 14:52:27] sqli Connection established
[2024-03-24 14:52:31] sqli Connection established
[2024-03-24 14:52:37] sqli Connection established
[2024-03-24 14:52:44] sqli Connection established
[2024-03-24 14:53:44] sqli Connection established
[2024-03-24 14:53:52] sqli Connection established
[2024-03-24 14:53:54] sqli Connection established
[2024-03-24 14:55:42] sqli Connection established
[2024-03-24 15:13:02] sqli Connection established
[2024-03-24 15:13:27] sqli Connection established
